2022-05-03 10:59:13.487 [main] ERROR o.s.b.diagnostics.LoggingFailureAnalysisReporter - 

***************************
APPLICATION FAILED TO START
***************************

Description:

Failed to bind properties under 'spring.redis.port' to int:

    Property: spring.redis.port
    Value: ${austin-redis-port}
    Origin: class path resource [application.properties] - 46:19
    Reason: failed to convert java.lang.String to int (caused by java.lang.NumberFormatException: For input string: "6379-ip=127.0.0.1")

Action:

Update your application's configuration

2022-05-03 11:04:02.618 [xxl-job, executor ExecutorRegistryThread] ERROR com.xxl.job.core.util.XxlJobRemotingUtil - Connection reset
java.net.SocketException: Connection reset
	at java.net.SocketInputStream.read(SocketInputStream.java:209)
	at java.net.SocketInputStream.read(SocketInputStream.java:141)
	at java.io.BufferedInputStream.fill(BufferedInputStream.java:246)
	at java.io.BufferedInputStream.read1(BufferedInputStream.java:286)
	at java.io.BufferedInputStream.read(BufferedInputStream.java:345)
	at sun.net.www.http.HttpClient.parseHTTPHeader(HttpClient.java:704)
	at sun.net.www.http.HttpClient.parseHTTP(HttpClient.java:647)
	at sun.net.www.http.HttpClient.parseHTTPHeader(HttpClient.java:789)
	at sun.net.www.http.HttpClient.parseHTTP(HttpClient.java:647)
	at sun.net.www.protocol.http.HttpURLConnection.getInputStream0(HttpURLConnection.java:1535)
	at sun.net.www.protocol.http.HttpURLConnection.getInputStream(HttpURLConnection.java:1440)
	at java.net.HttpURLConnection.getResponseCode(HttpURLConnection.java:480)
	at com.xxl.job.core.util.XxlJobRemotingUtil.postBody(XxlJobRemotingUtil.java:115)
	at com.xxl.job.core.biz.client.AdminBizClient.registryRemove(AdminBizClient.java:47)
	at com.xxl.job.core.thread.ExecutorRegistryThread$1.run(ExecutorRegistryThread.java:84)
	at java.lang.Thread.run(Thread.java:745)
2022-05-03 11:04:02.681 [main] ERROR o.s.b.diagnostics.LoggingFailureAnalysisReporter - 

***************************
APPLICATION FAILED TO START
***************************

Description:

Web server failed to start. Port 8080 was already in use.

Action:

Identify and stop the process that's listening on port 8080 or configure this application to listen on another port.

